0 info it worked if it ends with ok
1 verbose cli [ 'C:\\Program Files (x86)\\Nodist\\v-x64\\6.3.1\\node.exe',
1 verbose cli   'C:\\Program Files (x86)\\Nodist\\npmv\\3.10.6\\bin\\npm-cli.js',
1 verbose cli   'start' ]
2 info using npm@3.10.6
3 info using node@v6.3.1
4 verbose run-script [ 'prestart', 'start', 'poststart' ]
5 info lifecycle jigsaw@1.0.0~prestart: jigsaw@1.0.0
6 silly lifecycle jigsaw@1.0.0~prestart: no script for prestart, continuing
7 info lifecycle jigsaw@1.0.0~start: jigsaw@1.0.0
8 verbose lifecycle jigsaw@1.0.0~start: unsafe-perm in lifecycle true
9 verbose lifecycle jigsaw@1.0.0~start: PATH: C:\Program Files (x86)\Nodist\npmv\3.10.6\bin\node-gyp-bin;C:\code\jigsaw\node_modules\.bin;C:\Program Files (x86)\Nodist\v-x64\6.3.1;C:\ProgramData\Oracle\Java\javapath;C:\Program Files (x86)\Intel\iCLS Client\;C:\Program Files\Intel\iCLS Client\;C:\WINDOWS\system32;C:\WINDOWS;C:\WINDOWS\System32\Wbem;C:\WINDOWS\System32\WindowsPowerShell\v1.0\;C:\Program Files\Intel\Intel(R) Management Engine Components\DAL;C:\Program Files\Intel\Intel(R) Management Engine Components\IPT;C:\Program Files (x86)\Intel\Intel(R) Management Engine Components\DAL;C:\Program Files (x86)\Intel\Intel(R) Management Engine Components\IPT;C:\Program Files\Intel\WiFi\bin\;C:\Program Files\Common Files\Intel\WirelessCommon\;C:\Program Files\Microsoft SQL Server\120\Tools\Binn\;C:\Python27\python.exe;C:\programs\cmder\vendor\git-for-windows\bin;C:\Program Files\Java\jdk1.8.0_77\bin;C:\apache-ant-1.9.6\bin;C:\Users\Martin\AppData\Local\Android\sdk\tools;C:\Users\Martin\AppData\Local\Android\sdk\platfom-tools;C:\Program Files (x86)\Windows Kits\10\Windows Performance Toolkit\;C:\Program Files\Git\cmd;C:\Program Files (x86)\Microsoft Emulator Manager\1.0\;C:\Program Files (x86)\Nodist\bin;C:\Users\Martin\.dnx\runtimes\dnx-clr-win-x86.1.0.0-rc1-update1\bin;C:\Users\Martin\.dnx\bin;C:\Users\Martin\AppData\Local\atom\bin;C:\Program Files (x86)\Microsoft VS Code\bin;
10 verbose lifecycle jigsaw@1.0.0~start: CWD: C:\code\jigsaw
11 silly lifecycle jigsaw@1.0.0~start: Args: [ '/d /s /c', 'NODE_ENV=dev node start.js' ]
12 silly lifecycle jigsaw@1.0.0~start: Returned: code: 1  signal: null
13 info lifecycle jigsaw@1.0.0~start: Failed to exec start script
14 verbose stack Error: jigsaw@1.0.0 start: `NODE_ENV=dev node start.js`
14 verbose stack Exit status 1
14 verbose stack     at EventEmitter.<anonymous> (C:\Program Files (x86)\Nodist\npmv\3.10.6\lib\utils\lifecycle.js:255:16)
14 verbose stack     at emitTwo (events.js:106:13)
14 verbose stack     at EventEmitter.emit (events.js:191:7)
14 verbose stack     at ChildProcess.<anonymous> (C:\Program Files (x86)\Nodist\npmv\3.10.6\lib\utils\spawn.js:40:14)
14 verbose stack     at emitTwo (events.js:106:13)
14 verbose stack     at ChildProcess.emit (events.js:191:7)
14 verbose stack     at maybeClose (internal/child_process.js:852:16)
14 verbose stack     at Process.ChildProcess._handle.onexit (internal/child_process.js:215:5)
15 verbose pkgid jigsaw@1.0.0
16 verbose cwd C:\code\jigsaw
17 error Windows_NT 10.0.10586
18 error argv "C:\\Program Files (x86)\\Nodist\\v-x64\\6.3.1\\node.exe" "C:\\Program Files (x86)\\Nodist\\npmv\\3.10.6\\bin\\npm-cli.js" "start"
19 error node v6.3.1
20 error npm  v3.10.6
21 error code ELIFECYCLE
22 error jigsaw@1.0.0 start: `NODE_ENV=dev node start.js`
22 error Exit status 1
23 error Failed at the jigsaw@1.0.0 start script 'NODE_ENV=dev node start.js'.
23 error Make sure you have the latest version of node.js and npm installed.
23 error If you do, this is most likely a problem with the jigsaw package,
23 error not with npm itself.
23 error Tell the author that this fails on your system:
23 error     NODE_ENV=dev node start.js
23 error You can get information on how to open an issue for this project with:
23 error     npm bugs jigsaw
23 error Or if that isn't available, you can get their info via:
23 error     npm owner ls jigsaw
23 error There is likely additional logging output above.
24 verbose exit [ 1, true ]
